<?xml version="1.0" encoding="UTF-8"?>
<robot generator="Robot 6.0.2 (Python 3.10.6 on linux)" generated="20230511 17:32:09.355" rpa="false" schemaversion="3">
<suite id="s1" name="Preenchimento Incorreto" source="/home/romulo/Documentos/curso-robot/testes/preenchimento_incorreto.robot">
<test id="s1-t1" name="Verificar se quando um campo obrigatório não for preenchido corretamente o sistema exibe uma mensagem de campo obrigatório" line="10">
<kw name="Dado que eu acesse o Organo" library="setup_teardown" type="SETUP">
<kw name="Open Browser" library="SeleniumLibrary">
<arg>url=http://localhost:3000/</arg>
<arg>browser=Chrome</arg>
<doc>Opens a new browser instance to the optional ``url``.</doc>
<msg timestamp="20230511 17:32:09.781" level="INFO">Opening browser 'Chrome' to base url 'http://localhost:3000/'.</msg>
<msg timestamp="20230511 17:32:09.783" level="INFO">Applicable driver not found; attempting to install with Selenium Manager (Beta)</msg>
<status status="PASS" starttime="20230511 17:32:09.780" endtime="20230511 17:32:11.104"/>
</kw>
<status status="PASS" starttime="20230511 17:32:09.779" endtime="20230511 17:32:11.105"/>
</kw>
<kw name="Dado que eu clique no botão criar card" library="cadastro">
<kw name="Click Element" library="SeleniumLibrary">
<arg>${CAMPO_CARD}</arg>
<doc>Click the element identified by ``locator``.</doc>
<msg timestamp="20230511 17:32:11.114" level="INFO">Clicking element 'id:form-botao'.</msg>
<status status="PASS" starttime="20230511 17:32:11.112" endtime="20230511 17:32:11.240"/>
</kw>
<status status="PASS" starttime="20230511 17:32:11.106" endtime="20230511 17:32:11.240"/>
</kw>
<kw name="Então sistema deve apresentar mensagem de campo obrigatório" library="cadastro">
<kw name="Element Should Be Visible" library="SeleniumLibrary">
<arg>id:form-nome-erro</arg>
<doc>Verifies that the element identified by ``locator`` is visible.</doc>
<msg timestamp="20230511 17:32:11.297" level="INFO">Element 'id:form-nome-erro' is displayed.</msg>
<status status="PASS" starttime="20230511 17:32:11.242" endtime="20230511 17:32:11.298"/>
</kw>
<kw name="Element Should Be Visible" library="SeleniumLibrary">
<arg>id:form-cargo-erro</arg>
<doc>Verifies that the element identified by ``locator`` is visible.</doc>
<msg timestamp="20230511 17:32:11.328" level="INFO">Element 'id:form-cargo-erro' is displayed.</msg>
<status status="PASS" starttime="20230511 17:32:11.298" endtime="20230511 17:32:11.328"/>
</kw>
<kw name="Element Should Be Visible" library="SeleniumLibrary">
<arg>id:form-times-erro</arg>
<doc>Verifies that the element identified by ``locator`` is visible.</doc>
<msg timestamp="20230511 17:32:11.350" level="INFO">Element 'id:form-times-erro' is displayed.</msg>
<status status="PASS" starttime="20230511 17:32:11.329" endtime="20230511 17:32:11.351"/>
</kw>
<status status="PASS" starttime="20230511 17:32:11.241" endtime="20230511 17:32:11.352"/>
</kw>
<kw name="Fechar o navegador" library="setup_teardown" type="TEARDOWN">
<kw name="Close Browser" library="SeleniumLibrary">
<doc>Closes the current browser.</doc>
<status status="PASS" starttime="20230511 17:32:11.354" endtime="20230511 17:32:11.428"/>
</kw>
<status status="PASS" starttime="20230511 17:32:11.353" endtime="20230511 17:32:11.429"/>
</kw>
<status status="PASS" starttime="20230511 17:32:09.777" endtime="20230511 17:32:11.430"/>
</test>
<status status="PASS" starttime="20230511 17:32:09.359" endtime="20230511 17:32:11.434"/>
</suite>
<statistics>
<total>
<stat pass="1" fail="0" skip="0">All Tests</stat>
</total>
<tag>
</tag>
<suite>
<stat pass="1" fail="0" skip="0" id="s1" name="Preenchimento Incorreto">Preenchimento Incorreto</stat>
</suite>
</statistics>
<errors>
</errors>
</robot>
